<?xml version="1.0" encoding="UTF-8"?>
<testsuite name="service.CabangServiceImplTest" tests="10" skipped="0" failures="0" errors="0" timestamp="2025-06-04T13:25:39" hostname="JAMESLAPTOP" time="1.645">
  <properties/>
  <testcase name="getAllCabang_mengembalikanListCabang()" classname="service.CabangServiceImplTest" time="1.458"/>
  <testcase name="getCabangById_adaJikaIdDitemukan()" classname="service.CabangServiceImplTest" time="0.051"/>
  <testcase name="getCabangById_kosongJikaIdTidakDitemukan()" classname="service.CabangServiceImplTest" time="0.008"/>
  <testcase name="deleteCabang_gagalJikaIdTidakDitemukan()" classname="service.CabangServiceImplTest" time="0.018"/>
  <testcase name="createCabang_gagalJikaNamaKosong()" classname="service.CabangServiceImplTest" time="0.02"/>
  <testcase name="updateCabang_gagalJikaIdTidakDitemukan()" classname="service.CabangServiceImplTest" time="0.016"/>
  <testcase name="createCabang_gagalJikaNamaSudahAda()" classname="service.CabangServiceImplTest" time="0.016"/>
  <testcase name="updateCabang_suksesJikaValid()" classname="service.CabangServiceImplTest" time="0.008"/>
  <testcase name="deleteCabang_suksesJikaIdDitemukan()" classname="service.CabangServiceImplTest" time="0.011"/>
  <testcase name="createCabang_suksesJikaNamaValidDanBelumAda()" classname="service.CabangServiceImplTest" time="0.005"/>
  <system-out><![CDATA[]]></system-out>
  <system-err><![CDATA[WARNING: A Java agent has been loaded dynamically (C:\Users\James Edison\.gradle\caches\modules-2\files-2.1\net.bytebuddy\byte-buddy-agent\1.14.12\be4984cb6fd1ef1d11f218a648889dfda44b8a15\byte-buddy-agent-1.14.12.jar)
WARNING: If a serviceability tool is in use, please run with -XX:+EnableDynamicAgentLoading to hide this warning
WARNING: If a serviceability tool is not in use, please run with -Djdk.instrument.traceUsage for more information
WARNING: Dynamic loading of agents will be disallowed by default in a future release
]]></system-err>
</testsuite>
