<?xml version="1.0" encoding="UTF-8"?>
<testsuite name="Tes untuk histori koreksi" tests="2" skipped="0" failures="0" errors="0" timestamp="2025-06-05T08:45:44.784Z" hostname="CIKIBER" time="1.187">
  <properties/>
  <testcase name="getHistoriKoreksiByProduk - Mengembalikan histori" classname="com.example.pos.service.KoreksiStokServiceTest$HistoriKoreksiTests" time="1.178"/>
  <testcase name="getHistoriKoreksiByProduk - Tidak ada histori" classname="com.example.pos.service.KoreksiStokServiceTest$HistoriKoreksiTests" time="0.006"/>
  <system-out><![CDATA[]]></system-out>
  <system-err><![CDATA[]]></system-err>
</testsuite>
