<?xml version="1.0" encoding="UTF-8"?>
<testsuite name="org.edu.pradita.main.adapter.TransactionAdapterTest" tests="3" skipped="0" failures="0" errors="0" timestamp="2025-06-05T09:36:05" hostname="JACUB" time="0.098">
  <properties/>
  <testcase name="testToSalesReportItemDTO_withNullTransaction_shouldReturnNull()" classname="org.edu.pradita.main.adapter.TransactionAdapterTest" time="0.03"/>
  <testcase name="testToSalesReportItemDTO_withPartialDataInTransaction_shouldHandleGracefully()" classname="org.edu.pradita.main.adapter.TransactionAdapterTest" time="0.04"/>
  <testcase name="testToSalesReportItemDTO_withValidTransaction_shouldMapCorrectly()" classname="org.edu.pradita.main.adapter.TransactionAdapterTest" time="0.02"/>
  <system-out><![CDATA[]]></system-out>
  <system-err><![CDATA[]]></system-err>
</testsuite>
