<?xml version="1.0" encoding="UTF-8"?>
<testsuite name="org.edu.pradita.main.adapter.TransactionAdapterTest" tests="3" skipped="0" failures="0" errors="0" timestamp="2025-05-30T05:49:45" hostname="DESKTOP-BLEVTRQ" time="0.064">
  <properties/>
  <testcase name="testToSalesReportItemDTO_withNullTransaction_shouldReturnNull()" classname="org.edu.pradita.main.adapter.TransactionAdapterTest" time="0.022"/>
  <testcase name="testToSalesReportItemDTO_withPartialDataInTransaction_shouldHandleGracefully()" classname="org.edu.pradita.main.adapter.TransactionAdapterTest" time="0.022"/>
  <testcase name="testToSalesReportItemDTO_withValidTransaction_shouldMapCorrectly()" classname="org.edu.pradita.main.adapter.TransactionAdapterTest" time="0.016"/>
  <system-out><![CDATA[]]></system-out>
  <system-err><![CDATA[]]></system-err>
</testsuite>
